<?xml version="1.0" encoding="UTF-8"?>
<!-- Generated by org.testng.reporters.JUnitReportReporter -->
<testsuite hostname="DESKTOP-9434J20" failures="0" tests="1" name="TestMobile.LoginTestScript" time="63.843" errors="0" timestamp="2024-03-09T13:30:33 IST" skipped="0">
  <testcase classname="TestMobile.LoginTestScript" name="login" time="63.843"/>
</testsuite> <!-- TestMobile.LoginTestScript -->
